execve("./minishell", ["./minishell"], 0x7ffeeb486d50 /* 64 vars */) = 0
brk(NULL)                               = 0x590ca69b2000
arch_prctl(0x3001 /* ARCH_??? */, 0x7fff657d50d0) = -1 EINVAL (Invalid argument)
mmap(NULL, 8192, PROT_READ|PROT_WRITE, MAP_PRIVATE|MAP_ANONYMOUS, -1, 0) = 0x7dc604ba8000
access("/etc/ld.so.preload", R_OK)      = -1 ENOENT (No such file or directory)
openat(AT_FDCWD, "/etc/ld.so.cache", O_RDONLY|O_CLOEXEC) = 3
newfstatat(3, "", {st_mode=S_IFREG|0644, st_size=100488, ...}, AT_EMPTY_PATH) = 0
mmap(NULL, 100488, PROT_READ, MAP_PRIVATE, 3, 0) = 0x7dc604b8f000
close(3)                                = 0
openat(AT_FDCWD, "/lib/x86_64-linux-gnu/libreadline.so.8", O_RDONLY|O_CLOEXEC) = 3
read(3, "\177ELF\2\1\1\0\0\0\0\0\0\0\0\0\3\0>\0\1\0\0\0\0\0\0\0\0\0\0\0"..., 832) = 832
newfstatat(3, "", {st_mode=S_IFREG|0644, st_size=335936, ...}, AT_EMPTY_PATH) = 0
mmap(NULL, 343488, PROT_READ, MAP_PRIVATE|MAP_DENYWRITE, 3, 0) = 0x7dc604b3b000
mprotect(0x7dc604b4f000, 225280, PROT_NONE) = 0
mmap(0x7dc604b4f000, 180224, PROT_READ|PROT_EXEC, MAP_PRIVATE|MAP_FIXED|MAP_DENYWRITE, 3, 0x14000) = 0x7dc604b4f000
mmap(0x7dc604b7b000, 40960, PROT_READ, MAP_PRIVATE|MAP_FIXED|MAP_DENYWRITE, 3, 0x40000) = 0x7dc604b7b000
mmap(0x7dc604b86000, 32768, PROT_READ|PROT_WRITE, MAP_PRIVATE|MAP_FIXED|MAP_DENYWRITE, 3, 0x4a000) = 0x7dc604b86000
mmap(0x7dc604b8e000, 3520, PROT_READ|PROT_WRITE, MAP_PRIVATE|MAP_FIXED|MAP_ANONYMOUS, -1, 0) = 0x7dc604b8e000
close(3)                                = 0
openat(AT_FDCWD, "/lib/x86_64-linux-gnu/libc.so.6", O_RDONLY|O_CLOEXEC) = 3
read(3, "\177ELF\2\1\1\3\0\0\0\0\0\0\0\0\3\0>\0\1\0\0\0P\237\2\0\0\0\0\0"..., 832) = 832
pread64(3, "\6\0\0\0\4\0\0\0@\0\0\0\0\0\0\0@\0\0\0\0\0\0\0@\0\0\0\0\0\0\0"..., 784, 64) = 784
pread64(3, "\4\0\0\0 \0\0\0\5\0\0\0GNU\0\2\0\0\300\4\0\0\0\3\0\0\0\0\0\0\0"..., 48, 848) = 48
pread64(3, "\4\0\0\0\24\0\0\0\3\0\0\0GNU\0\325\31p\226\367\t\200\30)\261\30\257\33|\366c"..., 68, 896) = 68
newfstatat(3, "", {st_mode=S_IFREG|0755, st_size=2220400, ...}, AT_EMPTY_PATH) = 0
pread64(3, "\6\0\0\0\4\0\0\0@\0\0\0\0\0\0\0@\0\0\0\0\0\0\0@\0\0\0\0\0\0\0"..., 784, 64) = 784
mmap(NULL, 2264656, PROT_READ, MAP_PRIVATE|MAP_DENYWRITE, 3, 0) = 0x7dc604800000
mprotect(0x7dc604828000, 2023424, PROT_NONE) = 0
mmap(0x7dc604828000, 1658880, PROT_READ|PROT_EXEC, MAP_PRIVATE|MAP_FIXED|MAP_DENYWRITE, 3, 0x28000) = 0x7dc604828000
mmap(0x7dc6049bd000, 360448, PROT_READ, MAP_PRIVATE|MAP_FIXED|MAP_DENYWRITE, 3, 0x1bd000) = 0x7dc6049bd000
mmap(0x7dc604a16000, 24576, PROT_READ|PROT_WRITE, MAP_PRIVATE|MAP_FIXED|MAP_DENYWRITE, 3, 0x215000) = 0x7dc604a16000
mmap(0x7dc604a1c000, 52816, PROT_READ|PROT_WRITE, MAP_PRIVATE|MAP_FIXED|MAP_ANONYMOUS, -1, 0) = 0x7dc604a1c000
close(3)                                = 0
openat(AT_FDCWD, "/lib/x86_64-linux-gnu/libtinfo.so.6", O_RDONLY|O_CLOEXEC) = 3
read(3, "\177ELF\2\1\1\0\0\0\0\0\0\0\0\0\3\0>\0\1\0\0\0\0\0\0\0\0\0\0\0"..., 832) = 832
newfstatat(3, "", {st_mode=S_IFREG|0644, st_size=200136, ...}, AT_EMPTY_PATH) = 0
mmap(NULL, 203040, PROT_READ, MAP_PRIVATE|MAP_DENYWRITE, 3, 0) = 0x7dc604b09000
mmap(0x7dc604b17000, 69632, PROT_READ|PROT_EXEC, MAP_PRIVATE|MAP_FIXED|MAP_DENYWRITE, 3, 0xe000) = 0x7dc604b17000
mmap(0x7dc604b28000, 57344, PROT_READ, MAP_PRIVATE|MAP_FIXED|MAP_DENYWRITE, 3, 0x1f000) = 0x7dc604b28000
mmap(0x7dc604b36000, 20480, PROT_READ|PROT_WRITE, MAP_PRIVATE|MAP_FIXED|MAP_DENYWRITE, 3, 0x2c000) = 0x7dc604b36000
close(3)                                = 0
mmap(NULL, 12288, PROT_READ|PROT_WRITE, MAP_PRIVATE|MAP_ANONYMOUS, -1, 0) = 0x7dc604b06000
arch_prctl(ARCH_SET_FS, 0x7dc604b06740) = 0
set_tid_address(0x7dc604b06a10)         = 35088
set_robust_list(0x7dc604b06a20, 24)     = 0
rseq(0x7dc604b070e0, 0x20, 0, 0x53053053) = 0
mprotect(0x7dc604a16000, 16384, PROT_READ) = 0
mprotect(0x7dc604b36000, 16384, PROT_READ) = 0
mprotect(0x7dc604b86000, 8192, PROT_READ) = 0
mprotect(0x590c89cb8000, 4096, PROT_READ) = 0
mprotect(0x7dc604be8000, 8192, PROT_READ) = 0
prlimit64(0, RLIMIT_STACK, NULL, {rlim_cur=8192*1024, rlim_max=RLIM64_INFINITY}) = 0
munmap(0x7dc604b8f000, 100488)          = 0
getrandom("\x31\x77\x34\xec\x90\x18\x6f\xb1", 8, GRND_NONBLOCK) = 8
brk(NULL)                               = 0x590ca69b2000
brk(0x590ca69d3000)                     = 0x590ca69d3000
rt_sigaction(SIGINT, {sa_handler=0x590c89caf863, sa_mask=[], sa_flags=SA_RESTORER|SA_RESTART, sa_restorer=0x7dc604842520}, NULL, 8) = 0
rt_sigaction(SIGQUIT, {sa_handler=SIG_IGN, sa_mask=[], sa_flags=SA_RESTORER|SA_RESTART, sa_restorer=0x7dc604842520}, NULL, 8) = 0
ioctl(0, TIOCGWINSZ, {ws_row=24, ws_col=152, ws_xpixel=0, ws_ypixel=0}) = 0
ioctl(1, TCGETS, {B38400 opost isig icanon echo ...}) = 0
getuid()                                = 1000
geteuid()                               = 1000
getgid()                                = 1000
getegid()                               = 1000
getuid()                                = 1000
geteuid()                               = 1000
getgid()                                = 1000
getegid()                               = 1000
newfstatat(AT_FDCWD, "/home/erenyasar/.terminfo", 0x590ca69b5820, 0) = -1 ENOENT (No such file or directory)
newfstatat(AT_FDCWD, "/etc/terminfo", {st_mode=S_IFDIR|0755, st_size=4096, ...}, 0) = 0
newfstatat(AT_FDCWD, "/lib/terminfo", {st_mode=S_IFDIR|0755, st_size=4096, ...}, 0) = 0
newfstatat(AT_FDCWD, "/usr/share/terminfo", {st_mode=S_IFDIR|0755, st_size=4096, ...}, 0) = 0
access("/etc/terminfo/x/xterm-256color", R_OK) = -1 ENOENT (No such file or directory)
access("/lib/terminfo/x/xterm-256color", R_OK) = 0
openat(AT_FDCWD, "/lib/terminfo/x/xterm-256color", O_RDONLY) = 3
newfstatat(3, "", {st_mode=S_IFREG|0644, st_size=3852, ...}, AT_EMPTY_PATH) = 0
read(3, "\36\2%\0&\0\17\0\235\1Z\6xterm-256color|xterm"..., 32768) = 3852
read(3, "", 28672)                      = 0
close(3)                                = 0
ioctl(1, TCGETS, {B38400 opost isig icanon echo ...}) = 0
ioctl(1, TCGETS, {B38400 opost isig icanon echo ...}) = 0
ioctl(1, TCGETS, {B38400 opost isig icanon echo ...}) = 0
ioctl(1, TCGETS, {B38400 opost isig icanon echo ...}) = 0
ioctl(1, TIOCGWINSZ, {ws_row=24, ws_col=152, ws_xpixel=0, ws_ypixel=0}) = 0
ioctl(0, TIOCGWINSZ, {ws_row=24, ws_col=152, ws_xpixel=0, ws_ypixel=0}) = 0
ioctl(0, TIOCSWINSZ, {ws_row=24, ws_col=152, ws_xpixel=0, ws_ypixel=0}) = 0
ioctl(0, TCGETS, {B38400 opost isig icanon echo ...}) = 0
openat(AT_FDCWD, "/usr/lib/locale/locale-archive", O_RDONLY|O_CLOEXEC) = 3
newfstatat(3, "", {st_mode=S_IFREG|0644, st_size=15751120, ...}, AT_EMPTY_PATH) = 0
mmap(NULL, 15751120, PROT_READ, MAP_PRIVATE, 3, 0) = 0x7dc603800000
close(3)                                = 0
openat(AT_FDCWD, "/home/erenyasar/.inputrc", O_RDONLY) = -1 ENOENT (No such file or directory)
openat(AT_FDCWD, "/etc/inputrc", O_RDONLY) = 3
newfstatat(3, "", {st_mode=S_IFREG|0644, st_size=1748, ...}, AT_EMPTY_PATH) = 0
read(3, "# /etc/inputrc - global inputrc "..., 1748) = 1748
close(3)                                = 0
brk(0x590ca69f4000)                     = 0x590ca69f4000
ioctl(0, TIOCGWINSZ, {ws_row=24, ws_col=152, ws_xpixel=0, ws_ypixel=0}) = 0
ioctl(0, TIOCSWINSZ, {ws_row=24, ws_col=152, ws_xpixel=0, ws_ypixel=0}) = 0
ioctl(0, TCGETS, {B38400 opost isig icanon echo ...}) = 0
ioctl(0, TCGETS, {B38400 opost isig icanon echo ...}) = 0
ioctl(0, SNDCTL_TMR_STOP or TCSETSW, {B38400 opost isig -icanon -echo ...}) = 0
ioctl(0, TCGETS, {B38400 opost isig -icanon -echo ...}) = 0
newfstatat(1, "", {st_mode=S_IFCHR|0620, st_rdev=makedev(0x88, 0x1), ...}, AT_EMPTY_PATH) = 0
write(1, "\33[?2004h", 8)               = 8
rt_sigprocmask(SIG_BLOCK, [HUP INT QUIT ALRM TERM TSTP TTIN TTOU], [], 8) = 0
rt_sigaction(SIGINT, {sa_handler=0x7dc604b689d0, sa_mask=[], sa_flags=SA_RESTORER, sa_restorer=0x7dc604842520}, {sa_handler=0x590c89caf863, sa_mask=[], sa_flags=SA_RESTORER|SA_RESTART, sa_restorer=0x7dc604842520}, 8) = 0
rt_sigaction(SIGTERM, {sa_handler=0x7dc604b689d0, sa_mask=[], sa_flags=SA_RESTORER, sa_restorer=0x7dc604842520}, {sa_handler=SIG_DFL, sa_mask=[], sa_flags=0}, 8) = 0
rt_sigaction(SIGHUP, {sa_handler=0x7dc604b689d0, sa_mask=[], sa_flags=SA_RESTORER, sa_restorer=0x7dc604842520}, {sa_handler=SIG_DFL, sa_mask=[], sa_flags=0}, 8) = 0
rt_sigaction(SIGQUIT, {sa_handler=0x7dc604b689d0, sa_mask=[], sa_flags=SA_RESTORER, sa_restorer=0x7dc604842520}, {sa_handler=SIG_IGN, sa_mask=[], sa_flags=SA_RESTORER|SA_RESTART, sa_restorer=0x7dc604842520}, 8) = 0
rt_sigaction(SIGQUIT, {sa_handler=SIG_IGN, sa_mask=[], sa_flags=SA_RESTORER|SA_RESTART, sa_restorer=0x7dc604842520}, {sa_handler=0x7dc604b689d0, sa_mask=[], sa_flags=SA_RESTORER, sa_restorer=0x7dc604842520}, 8) = 0
rt_sigaction(SIGALRM, {sa_handler=0x7dc604b689d0, sa_mask=[], sa_flags=SA_RESTORER, sa_restorer=0x7dc604842520}, {sa_handler=SIG_DFL, sa_mask=[], sa_flags=0}, 8) = 0
rt_sigaction(SIGTSTP, {sa_handler=0x7dc604b689d0, sa_mask=[], sa_flags=SA_RESTORER, sa_restorer=0x7dc604842520}, {sa_handler=SIG_DFL, sa_mask=[], sa_flags=0}, 8) = 0
rt_sigaction(SIGTTOU, {sa_handler=0x7dc604b689d0, sa_mask=[], sa_flags=SA_RESTORER, sa_restorer=0x7dc604842520}, {sa_handler=SIG_DFL, sa_mask=[], sa_flags=0}, 8) = 0
rt_sigaction(SIGTTIN, {sa_handler=0x7dc604b689d0, sa_mask=[], sa_flags=SA_RESTORER, sa_restorer=0x7dc604842520}, {sa_handler=SIG_DFL, sa_mask=[], sa_flags=0}, 8) = 0
rt_sigprocmask(SIG_SETMASK, [], NULL, 8) = 0
rt_sigaction(SIGWINCH, {sa_handler=0x7dc604b689e0, sa_mask=[], sa_flags=SA_RESTORER|SA_RESTART, sa_restorer=0x7dc604842520}, {sa_handler=SIG_DFL, sa_mask=[], sa_flags=0}, 8) = 0
openat(AT_FDCWD, "/usr/lib/x86_64-linux-gnu/gconv/gconv-modules.cache", O_RDONLY) = 3
newfstatat(3, "", {st_mode=S_IFREG|0644, st_size=27002, ...}, AT_EMPTY_PATH) = 0
mmap(NULL, 27002, PROT_READ, MAP_SHARED, 3, 0) = 0x7dc604ba1000
close(3)                                = 0
futex(0x7dc604a1ba6c, FUTEX_WAKE_PRIVATE, 2147483647) = 0
write(1, "minishell$ ", 11)             = 11
pselect6(1, [0], NULL, NULL, NULL, {sigmask=[], sigsetsize=8}) = 1 (in [0])
read(0, "\33", 1)                       = 1
pselect6(1, [0], NULL, NULL, NULL, {sigmask=[], sigsetsize=8}) = 1 (in [0])
read(0, "[", 1)                         = 1
pselect6(1, [0], NULL, NULL, NULL, {sigmask=[], sigsetsize=8}) = 1 (in [0])
read(0, "2", 1)                         = 1
pselect6(1, [0], NULL, NULL, NULL, {sigmask=[], sigsetsize=8}) = 1 (in [0])
read(0, "0", 1)                         = 1
pselect6(1, [0], NULL, NULL, NULL, {sigmask=[], sigsetsize=8}) = 1 (in [0])
read(0, "0", 1)                         = 1
pselect6(1, [0], NULL, NULL, NULL, {sigmask=[], sigsetsize=8}) = 1 (in [0])
read(0, "~", 1)                         = 1
pselect6(1, [0], NULL, NULL, NULL, {sigmask=[], sigsetsize=8}) = 1 (in [0])
read(0, "c", 1)                         = 1
pselect6(1, [0], NULL, NULL, NULL, {sigmask=[], sigsetsize=8}) = 1 (in [0])
read(0, "a", 1)                         = 1
pselect6(1, [0], NULL, NULL, NULL, {sigmask=[], sigsetsize=8}) = 1 (in [0])
read(0, "t", 1)                         = 1
pselect6(1, [0], NULL, NULL, NULL, {sigmask=[], sigsetsize=8}) = 1 (in [0])
read(0, " ", 1)                         = 1
pselect6(1, [0], NULL, NULL, NULL, {sigmask=[], sigsetsize=8}) = 1 (in [0])
read(0, "<", 1)                         = 1
pselect6(1, [0], NULL, NULL, NULL, {sigmask=[], sigsetsize=8}) = 1 (in [0])
read(0, "<", 1)                         = 1
pselect6(1, [0], NULL, NULL, NULL, {sigmask=[], sigsetsize=8}) = 1 (in [0])
read(0, " ", 1)                         = 1
pselect6(1, [0], NULL, NULL, NULL, {sigmask=[], sigsetsize=8}) = 1 (in [0])
read(0, "E", 1)                         = 1
pselect6(1, [0], NULL, NULL, NULL, {sigmask=[], sigsetsize=8}) = 1 (in [0])
read(0, "O", 1)                         = 1
pselect6(1, [0], NULL, NULL, NULL, {sigmask=[], sigsetsize=8}) = 1 (in [0])
read(0, "F", 1)                         = 1
pselect6(1, [0], NULL, NULL, NULL, {sigmask=[], sigsetsize=8}) = 1 (in [0])
read(0, "\r", 1)                        = 1
pselect6(1, [0], NULL, NULL, NULL, {sigmask=[], sigsetsize=8}) = 1 (in [0])
read(0, "h", 1)                         = 1
pselect6(1, [0], NULL, NULL, NULL, {sigmask=[], sigsetsize=8}) = 1 (in [0])
read(0, "e", 1)                         = 1
pselect6(1, [0], NULL, NULL, NULL, {sigmask=[], sigsetsize=8}) = 1 (in [0])
read(0, "l", 1)                         = 1
pselect6(1, [0], NULL, NULL, NULL, {sigmask=[], sigsetsize=8}) = 1 (in [0])
read(0, "l", 1)                         = 1
pselect6(1, [0], NULL, NULL, NULL, {sigmask=[], sigsetsize=8}) = 1 (in [0])
read(0, "o", 1)                         = 1
pselect6(1, [0], NULL, NULL, NULL, {sigmask=[], sigsetsize=8}) = 1 (in [0])
read(0, "\r", 1)                        = 1
pselect6(1, [0], NULL, NULL, NULL, {sigmask=[], sigsetsize=8}) = 1 (in [0])
read(0, "E", 1)                         = 1
pselect6(1, [0], NULL, NULL, NULL, {sigmask=[], sigsetsize=8}) = 1 (in [0])
read(0, "O", 1)                         = 1
pselect6(1, [0], NULL, NULL, NULL, {sigmask=[], sigsetsize=8}) = 1 (in [0])
read(0, "F", 1)                         = 1
pselect6(1, [0], NULL, NULL, NULL, {sigmask=[], sigsetsize=8}) = 1 (in [0])
read(0, "\r", 1)                        = 1
pselect6(1, [0], NULL, NULL, NULL, {sigmask=[], sigsetsize=8}) = 1 (in [0])
read(0, "\33", 1)                       = 1
pselect6(1, [0], NULL, NULL, NULL, {sigmask=[], sigsetsize=8}) = 1 (in [0])
read(0, "[", 1)                         = 1
pselect6(1, [0], NULL, NULL, NULL, {sigmask=[], sigsetsize=8}) = 1 (in [0])
read(0, "2", 1)                         = 1
pselect6(1, [0], NULL, NULL, NULL, {sigmask=[], sigsetsize=8}) = 1 (in [0])
read(0, "0", 1)                         = 1
pselect6(1, [0], NULL, NULL, NULL, {sigmask=[], sigsetsize=8}) = 1 (in [0])
read(0, "1", 1)                         = 1
pselect6(1, [0], NULL, NULL, NULL, {sigmask=[], sigsetsize=8}) = 1 (in [0])
read(0, "~", 1)                         = 1
write(1, "\33[7mcat << EOF\33[27m\n", 20) = 20
write(1, "\r\33[7mhello\33[27m\n", 16)  = 16
write(1, "\r\33[7mEOF\33[27m\n", 14)    = 14
write(1, "\r", 1)                       = 1
pselect6(1, [0], NULL, NULL, NULL, {sigmask=[], sigsetsize=8}) = 1 (in [0])
read(0, "\33", 1)                       = 1
pselect6(1, [0], NULL, NULL, NULL, {sigmask=[], sigsetsize=8}) = 1 (in [0])
read(0, "[", 1)                         = 1
pselect6(1, [0], NULL, NULL, NULL, {sigmask=[], sigsetsize=8}) = 1 (in [0])
read(0, "C", 1)                         = 1
write(2, "\7", 1)                       = 1
write(1, "\33[A\33[A\33[A\33[C\33[C\33[C\33[C\33[C\33[C\33[C\33["..., 53) = 53
write(1, "\rhello\n", 7)                = 7
write(1, "\rEOF\n", 5)                  = 5
write(1, "\r", 1)                       = 1
pselect6(1, [0], NULL, NULL, NULL, {sigmask=[], sigsetsize=8}) = 1 (in [0])
read(0, "\177", 1)                      = 1
write(1, "\33[K\33[A\33[C\33[C\33[C", 15) = 15
pselect6(1, [0], NULL, NULL, NULL, {sigmask=[], sigsetsize=8}) = 1 (in [0])
read(0, "\r", 1)                        = 1
write(1, "\n", 1)                       = 1
write(1, "\33[?2004l\r", 9)             = 9
ioctl(0, TCGETS, {B38400 opost isig -icanon -echo ...}) = 0
ioctl(0, SNDCTL_TMR_STOP or TCSETSW, {B38400 opost isig icanon echo ...}) = 0
ioctl(0, TCGETS, {B38400 opost isig icanon echo ...}) = 0
rt_sigaction(SIGINT, {sa_handler=0x590c89caf863, sa_mask=[], sa_flags=SA_RESTORER|SA_RESTART, sa_restorer=0x7dc604842520}, {sa_handler=0x7dc604b689d0, sa_mask=[], sa_flags=SA_RESTORER, sa_restorer=0x7dc604842520}, 8) = 0
rt_sigaction(SIGTERM, {sa_handler=SIG_DFL, sa_mask=[], sa_flags=SA_RESTORER, sa_restorer=0x7dc604842520}, {sa_handler=0x7dc604b689d0, sa_mask=[], sa_flags=SA_RESTORER, sa_restorer=0x7dc604842520}, 8) = 0
rt_sigaction(SIGHUP, {sa_handler=SIG_DFL, sa_mask=[], sa_flags=SA_RESTORER, sa_restorer=0x7dc604842520}, {sa_handler=0x7dc604b689d0, sa_mask=[], sa_flags=SA_RESTORER, sa_restorer=0x7dc604842520}, 8) = 0
rt_sigaction(SIGALRM, {sa_handler=SIG_DFL, sa_mask=[], sa_flags=SA_RESTORER, sa_restorer=0x7dc604842520}, {sa_handler=0x7dc604b689d0, sa_mask=[], sa_flags=SA_RESTORER, sa_restorer=0x7dc604842520}, 8) = 0
rt_sigaction(SIGTSTP, {sa_handler=SIG_DFL, sa_mask=[], sa_flags=SA_RESTORER, sa_restorer=0x7dc604842520}, {sa_handler=0x7dc604b689d0, sa_mask=[], sa_flags=SA_RESTORER, sa_restorer=0x7dc604842520}, 8) = 0
rt_sigaction(SIGTTOU, {sa_handler=SIG_DFL, sa_mask=[], sa_flags=SA_RESTORER, sa_restorer=0x7dc604842520}, {sa_handler=0x7dc604b689d0, sa_mask=[], sa_flags=SA_RESTORER, sa_restorer=0x7dc604842520}, 8) = 0
rt_sigaction(SIGTTIN, {sa_handler=SIG_DFL, sa_mask=[], sa_flags=SA_RESTORER, sa_restorer=0x7dc604842520}, {sa_handler=0x7dc604b689d0, sa_mask=[], sa_flags=SA_RESTORER, sa_restorer=0x7dc604842520}, 8) = 0
rt_sigaction(SIGWINCH, {sa_handler=SIG_DFL, sa_mask=[], sa_flags=SA_RESTORER, sa_restorer=0x7dc604842520}, {sa_handler=0x7dc604b689e0, sa_mask=[], sa_flags=SA_RESTORER|SA_RESTART, sa_restorer=0x7dc604842520}, 8) = 0
brk(0x590ca6a15000)                     = 0x590ca6a15000
brk(0x590ca6a36000)                     = 0x590ca6a36000
brk(0x590ca6a57000)                     = 0x590ca6a57000
brk(0x590ca6a78000)                     = 0x590ca6a78000
brk(0x590ca6a99000)                     = 0x590ca6a99000
brk(0x590ca6aba000)                     = 0x590ca6aba000
brk(0x590ca6adb000)                     = 0x590ca6adb000
brk(0x590ca6afc000)                     = 0x590ca6afc000
brk(0x590ca6b1d000)                     = 0x590ca6b1d000
brk(0x590ca6b3e000)                     = 0x590ca6b3e000
brk(0x590ca6b5f000)                     = 0x590ca6b5f000
brk(0x590ca6b80000)                     = 0x590ca6b80000
brk(0x590cc31a3000)                     = 0x590cc31a3000
brk(0x590cc31c4000)                     = 0x590cc31c4000
brk(0x590cc31e5000)                     = 0x590cc31e5000
brk(0x590cc3206000)                     = 0x590cc3206000
brk(0x590cc3227000)                     = 0x590cc3227000
brk(0x590cc3248000)                     = 0x590cc3248000
brk(0x590cc3269000)                     = 0x590cc3269000
brk(0x590cc328a000)                     = 0x590cc328a000
brk(0x590cc32ab000)                     = 0x590cc32ab000
brk(0x590cc32cc000)                     = 0x590cc32cc000
brk(0x590cc32ed000)                     = 0x590cc32ed000
brk(0x590cc330e000)                     = 0x590cc330e000
brk(0x590cc332f000)                     = 0x590cc332f000
brk(0x590cc3350000)                     = 0x590cc3350000
brk(0x590cc3371000)                     = 0x590cc3371000
brk(0x590cc3392000)                     = 0x590cc3392000
--- SIGHUP {si_signo=SIGHUP, si_code=SI_USER, si_pid=33219, si_uid=1000} ---
+++ killed by SIGHUP +++
